{"D:\\Andressa Toledo\\Faculdade\\4 SEMESTRE\\Integração e Entrega Contínua\\inpe-alertas\\src\\alertas.js": {"path":"D:\\Andressa Toledo\\Faculdade\\4 SEMESTRE\\Integração e Entrega Contínua\\inpe-alertas\\src\\alertas.js","statementMap":{"0":{"start":{"line":2,"column":4},"end":{"line":2,"column":37}},"1":{"start":{"line":2,"column":20},"end":{"line":2,"column":37}},"2":{"start":{"line":3,"column":4},"end":{"line":3,"column":34}},"3":{"start":{"line":3,"column":20},"end":{"line":3,"column":34}},"4":{"start":{"line":4,"column":4},"end":{"line":4,"column":22}},"5":{"start":{"line":8,"column":4},"end":{"line":8,"column":44}},"6":{"start":{"line":12,"column":19},"end":{"line":12,"column":43}},"7":{"start":{"line":13,"column":4},"end":{"line":13,"column":37}},"8":{"start":{"line":16,"column":0},"end":{"line":16,"column":75}}},"fnMap":{"0":{"name":"classificarAlerta","decl":{"start":{"line":1,"column":9},"end":{"line":1,"column":26}},"loc":{"start":{"line":1,"column":34},"end":{"line":5,"column":1}},"line":1},"1":{"name":"enviarNotificacao","decl":{"start":{"line":7,"column":9},"end":{"line":7,"column":26}},"loc":{"start":{"line":7,"column":35},"end":{"line":9,"column":1}},"line":7},"2":{"name":"processarAlerta","decl":{"start":{"line":11,"column":9},"end":{"line":11,"column":24}},"loc":{"start":{"line":11,"column":32},"end":{"line":14,"column":1}},"line":11}},"branchMap":{"0":{"loc":{"start":{"line":2,"column":4},"end":{"line":2,"column":37}},"type":"if","locations":[{"start":{"line":2,"column":4},"end":{"line":2,"column":37}},{"start":{},"end":{}}],"line":2},"1":{"loc":{"start":{"line":3,"column":4},"end":{"line":3,"column":34}},"type":"if","locations":[{"start":{"line":3,"column":4},"end":{"line":3,"column":34}},{"start":{},"end":{}}],"line":3}},"s":{"0":17,"1":5,"2":12,"3":6,"4":6,"5":10,"6":6,"7":6,"8":4},"f":{"0":17,"1":10,"2":6},"b":{"0":[5,12],"1":[6,6]},"_coverageSchema":"1a1c01bbd47fc00a2c39e90264f33305004495a9","hash":"e65d829294ea62ecfa7e9b05b3cc18a2a060ee4c"}
}
